{"/Users/gastonmousques/workspace/RAGLocalAR/src/app.ts": {"path":"/Users/gastonmousques/workspace/RAGLocalAR/src/app.ts","statementMap":{"0":{"start":{"line":12,"column":0},"end":{"line":12,"column":16}},"1":{"start":{"line":1,"column":0},"end":{"line":1,"column":67}},"2":{"start":{"line":4,"column":0},"end":{"line":4,"column":66}},"3":{"start":{"line":5,"column":0},"end":{"line":5,"column":66}},"4":{"start":{"line":13,"column":14},"end":{"line":13,"column":23}},"5":{"start":{"line":15,"column":2},"end":{"line":15,"column":26}},"6":{"start":{"line":16,"column":2},"end":{"line":19,"column":5}},"7":{"start":{"line":17,"column":4},"end":{"line":17,"column":45}},"8":{"start":{"line":18,"column":4},"end":{"line":18,"column":11}},"9":{"start":{"line":21,"column":2},"end":{"line":21,"column":67}},"10":{"start":{"line":22,"column":2},"end":{"line":22,"column":64}},"11":{"start":{"line":24,"column":2},"end":{"line":26,"column":5}},"12":{"start":{"line":25,"column":4},"end":{"line":25,"column":49}},"13":{"start":{"line":28,"column":2},"end":{"line":31,"column":5}},"14":{"start":{"line":29,"column":4},"end":{"line":29,"column":31}},"15":{"start":{"line":30,"column":4},"end":{"line":30,"column":49}},"16":{"start":{"line":33,"column":2},"end":{"line":33,"column":13}}},"fnMap":{"0":{"name":"createApp","decl":{"start":{"line":12,"column":16},"end":{"line":12,"column":25}},"loc":{"start":{"line":12,"column":47},"end":{"line":34,"column":1}}},"1":{"name":"(anonymous_2)","decl":{"start":{"line":16,"column":10},"end":{"line":16,"column":11}},"loc":{"start":{"line":16,"column":30},"end":{"line":19,"column":3}}},"2":{"name":"(anonymous_3)","decl":{"start":{"line":24,"column":10},"end":{"line":24,"column":11}},"loc":{"start":{"line":24,"column":43},"end":{"line":26,"column":3}}},"3":{"name":"(anonymous_4)","decl":{"start":{"line":28,"column":10},"end":{"line":28,"column":11}},"loc":{"start":{"line":28,"column":76},"end":{"line":31,"column":3}}}},"branchMap":{},"s":{"0":1,"1":1,"2":1,"3":1,"4":2,"5":2,"6":2,"7":2,"8":2,"9":2,"10":2,"11":2,"12":1,"13":2,"14":1,"15":1,"16":2},"f":{"0":2,"1":2,"2":1,"3":1},"b":{}}
,"/Users/gastonmousques/workspace/RAGLocalAR/src/classify/classify.router.ts": {"path":"/Users/gastonmousques/workspace/RAGLocalAR/src/classify/classify.router.ts","statementMap":{"0":{"start":{"line":4,"column":0},"end":{"line":4,"column":16}},"1":{"start":{"line":1,"column":0},"end":{"line":1,"column":66}},"2":{"start":{"line":5,"column":17},"end":{"line":5,"column":25}},"3":{"start":{"line":7,"column":2},"end":{"line":21,"column":5}},"4":{"start":{"line":8,"column":23},"end":{"line":8,"column":55}},"5":{"start":{"line":10,"column":4},"end":{"line":13,"column":5}},"6":{"start":{"line":11,"column":6},"end":{"line":11,"column":81}},"7":{"start":{"line":12,"column":6},"end":{"line":12,"column":13}},"8":{"start":{"line":15,"column":4},"end":{"line":20,"column":5}},"9":{"start":{"line":16,"column":21},"end":{"line":16,"column":59}},"10":{"start":{"line":17,"column":6},"end":{"line":17,"column":35}},"11":{"start":{"line":19,"column":6},"end":{"line":19,"column":16}},"12":{"start":{"line":23,"column":2},"end":{"line":23,"column":16}}},"fnMap":{"0":{"name":"createClassifyRouter","decl":{"start":{"line":4,"column":16},"end":{"line":4,"column":36}},"loc":{"start":{"line":4,"column":69},"end":{"line":24,"column":1}}},"1":{"name":"(anonymous_1)","decl":{"start":{"line":7,"column":19},"end":{"line":7,"column":24}},"loc":{"start":{"line":7,"column":77},"end":{"line":21,"column":3}}}},"branchMap":{"0":{"loc":{"start":{"line":10,"column":4},"end":{"line":13,"column":5}},"type":"if","locations":[{"start":{"line":10,"column":4},"end":{"line":13,"column":5}}]},"1":{"loc":{"start":{"line":10,"column":8},"end":{"line":10,"column":45}},"type":"binary-expr","locations":[{"start":{"line":10,"column":8},"end":{"line":10,"column":15}},{"start":{"line":10,"column":19},"end":{"line":10,"column":45}}]}},"s":{"0":2,"1":2,"2":6,"3":6,"4":5,"5":5,"6":2,"7":2,"8":3,"9":3,"10":1,"11":2,"12":6},"f":{"0":6,"1":5},"b":{"0":[2],"1":[5,4]}}
,"/Users/gastonmousques/workspace/RAGLocalAR/src/classify/classify.service.ts": {"path":"/Users/gastonmousques/workspace/RAGLocalAR/src/classify/classify.service.ts","statementMap":{"0":{"start":{"line":6,"column":21},"end":{"line":6,"column":43}},"1":{"start":{"line":7,"column":21},"end":{"line":7,"column":33}},"2":{"start":{"line":11,"column":23},"end":{"line":11,"column":72}},"3":{"start":{"line":12,"column":4},"end":{"line":12,"column":26}},"4":{"start":{"line":4,"column":0},"end":{"line":4,"column":13}}},"fnMap":{"0":{"name":"(anonymous_0)","decl":{"start":{"line":5,"column":2},"end":{"line":5,"column":null}},"loc":{"start":{"line":7,"column":33},"end":{"line":8,"column":6}}},"1":{"name":"(anonymous_1)","decl":{"start":{"line":10,"column":2},"end":{"line":10,"column":7}},"loc":{"start":{"line":10,"column":31},"end":{"line":13,"column":3}}}},"branchMap":{},"s":{"0":1,"1":1,"2":1,"3":1,"4":1},"f":{"0":1,"1":1},"b":{}}
,"/Users/gastonmousques/workspace/RAGLocalAR/src/indexing/csvLoader.ts": {"path":"/Users/gastonmousques/workspace/RAGLocalAR/src/indexing/csvLoader.ts","statementMap":{"0":{"start":{"line":5,"column":0},"end":{"line":5,"column":16}},"1":{"start":{"line":30,"column":0},"end":{"line":30,"column":16}},"2":{"start":{"line":1,"column":0},"end":{"line":1,"column":39}},"3":{"start":{"line":2,"column":0},"end":{"line":2,"column":25}},"4":{"start":{"line":6,"column":2},"end":{"line":6,"column":36}},"5":{"start":{"line":6,"column":26},"end":{"line":6,"column":36}},"6":{"start":{"line":8,"column":15},"end":{"line":8,"column":103}},"7":{"start":{"line":9,"column":35},"end":{"line":9,"column":37}},"8":{"start":{"line":11,"column":2},"end":{"line":25,"column":3}},"9":{"start":{"line":12,"column":24},"end":{"line":12,"column":58}},"10":{"start":{"line":14,"column":4},"end":{"line":16,"column":5}},"11":{"start":{"line":15,"column":6},"end":{"line":15,"column":113}},"12":{"start":{"line":17,"column":4},"end":{"line":19,"column":5}},"13":{"start":{"line":18,"column":6},"end":{"line":18,"column":99}},"14":{"start":{"line":21,"column":4},"end":{"line":24,"column":7}},"15":{"start":{"line":27,"column":2},"end":{"line":27,"column":24}},"16":{"start":{"line":31,"column":18},"end":{"line":31,"column":52}},"17":{"start":{"line":32,"column":2},"end":{"line":32,"column":27}}},"fnMap":{"0":{"name":"parseCsv","decl":{"start":{"line":5,"column":16},"end":{"line":5,"column":24}},"loc":{"start":{"line":5,"column":43},"end":{"line":28,"column":1}}},"1":{"name":"loadCsvFromFile","decl":{"start":{"line":30,"column":16},"end":{"line":30,"column":31}},"loc":{"start":{"line":30,"column":48},"end":{"line":33,"column":1}}}},"branchMap":{"0":{"loc":{"start":{"line":6,"column":2},"end":{"line":6,"column":36}},"type":"if","locations":[{"start":{"line":6,"column":2},"end":{"line":6,"column":36}}]},"1":{"loc":{"start":{"line":12,"column":24},"end":{"line":12,"column":58}},"type":"binary-expr","locations":[{"start":{"line":12,"column":24},"end":{"line":12,"column":39}},{"start":{"line":12,"column":43},"end":{"line":12,"column":58}}]},"2":{"loc":{"start":{"line":14,"column":4},"end":{"line":16,"column":5}},"type":"if","locations":[{"start":{"line":14,"column":4},"end":{"line":16,"column":5}}]},"3":{"loc":{"start":{"line":17,"column":4},"end":{"line":19,"column":5}},"type":"if","locations":[{"start":{"line":17,"column":4},"end":{"line":19,"column":5}}]}},"s":{"0":1,"1":1,"2":1,"3":1,"4":7,"5":1,"6":6,"7":6,"8":6,"9":501,"10":501,"11":1,"12":500,"13":1,"14":499,"15":4,"16":3,"17":2},"f":{"0":7,"1":3},"b":{"0":[1],"1":[501,2],"2":[1],"3":[1]}}
,"/Users/gastonmousques/workspace/RAGLocalAR/src/indexing/indexing.router.ts": {"path":"/Users/gastonmousques/workspace/RAGLocalAR/src/indexing/indexing.router.ts","statementMap":{"0":{"start":{"line":4,"column":0},"end":{"line":4,"column":16}},"1":{"start":{"line":1,"column":0},"end":{"line":1,"column":33}},"2":{"start":{"line":5,"column":17},"end":{"line":5,"column":25}},"3":{"start":{"line":7,"column":2},"end":{"line":14,"column":5}},"4":{"start":{"line":8,"column":4},"end":{"line":13,"column":5}},"5":{"start":{"line":9,"column":21},"end":{"line":9,"column":83}},"6":{"start":{"line":10,"column":6},"end":{"line":10,"column":35}},"7":{"start":{"line":12,"column":6},"end":{"line":12,"column":16}},"8":{"start":{"line":16,"column":2},"end":{"line":16,"column":16}}},"fnMap":{"0":{"name":"createIndexingRouter","decl":{"start":{"line":4,"column":16},"end":{"line":4,"column":36}},"loc":{"start":{"line":4,"column":69},"end":{"line":17,"column":1}}},"1":{"name":"(anonymous_1)","decl":{"start":{"line":7,"column":19},"end":{"line":7,"column":24}},"loc":{"start":{"line":7,"column":44},"end":{"line":14,"column":3}}}},"branchMap":{"0":{"loc":{"start":{"line":9,"column":56},"end":{"line":9,"column":82}},"type":"binary-expr","locations":[{"start":{"line":9,"column":56},"end":{"line":9,"column":76}},{"start":{"line":9,"column":80},"end":{"line":9,"column":82}}]}},"s":{"0":2,"1":2,"2":4,"3":4,"4":2,"5":2,"6":1,"7":1,"8":4},"f":{"0":4,"1":2},"b":{"0":[2,0]}}
,"/Users/gastonmousques/workspace/RAGLocalAR/src/indexing/indexing.service.ts": {"path":"/Users/gastonmousques/workspace/RAGLocalAR/src/indexing/indexing.service.ts","statementMap":{"0":{"start":{"line":3,"column":0},"end":{"line":3,"column":46}},"1":{"start":{"line":8,"column":21},"end":{"line":8,"column":43}},"2":{"start":{"line":9,"column":21},"end":{"line":9,"column":48}},"3":{"start":{"line":13,"column":17},"end":{"line":13,"column":41}},"4":{"start":{"line":14,"column":29},"end":{"line":14,"column":31}},"5":{"start":{"line":15,"column":18},"end":{"line":15,"column":19}},"6":{"start":{"line":17,"column":4},"end":{"line":33,"column":5}},"7":{"start":{"line":18,"column":6},"end":{"line":32,"column":7}},"8":{"start":{"line":19,"column":26},"end":{"line":19,"column":79}},"9":{"start":{"line":20,"column":19},"end":{"line":20,"column":74}},"10":{"start":{"line":21,"column":8},"end":{"line":28,"column":12}},"11":{"start":{"line":29,"column":8},"end":{"line":29,"column":18}},"12":{"start":{"line":31,"column":8},"end":{"line":31,"column":92}},"13":{"start":{"line":35,"column":4},"end":{"line":35,"column":31}},"14":{"start":{"line":6,"column":0},"end":{"line":6,"column":13}}},"fnMap":{"0":{"name":"(anonymous_0)","decl":{"start":{"line":7,"column":2},"end":{"line":7,"column":null}},"loc":{"start":{"line":9,"column":48},"end":{"line":10,"column":6}}},"1":{"name":"(anonymous_1)","decl":{"start":{"line":12,"column":2},"end":{"line":12,"column":7}},"loc":{"start":{"line":12,"column":36},"end":{"line":36,"column":3}}}},"branchMap":{},"s":{"0":1,"1":3,"2":3,"3":3,"4":2,"5":2,"6":2,"7":496,"8":496,"9":249,"10":249,"11":249,"12":247,"13":2,"14":1},"f":{"0":3,"1":3},"b":{}}
,"/Users/gastonmousques/workspace/RAGLocalAR/src/shared/chroma/chroma.client.ts": {"path":"/Users/gastonmousques/workspace/RAGLocalAR/src/shared/chroma/chroma.client.ts","statementMap":{"0":{"start":{"line":1,"column":0},"end":{"line":1,"column":47}},"1":{"start":{"line":5,"column":4},"end":{"line":5,"column":19}},"2":{"start":{"line":4,"column":47},"end":{"line":4,"column":62}},"3":{"start":{"line":6,"column":4},"end":{"line":6,"column":30}},"4":{"start":{"line":3,"column":0},"end":{"line":3,"column":13}},"5":{"start":{"line":29,"column":4},"end":{"line":29,"column":50}},"6":{"start":{"line":30,"column":4},"end":{"line":30,"column":41}},"7":{"start":{"line":34,"column":4},"end":{"line":34,"column":76}},"8":{"start":{"line":38,"column":4},"end":{"line":49,"column":5}},"9":{"start":{"line":39,"column":25},"end":{"line":39,"column":51}},"10":{"start":{"line":40,"column":6},"end":{"line":45,"column":9}},"11":{"start":{"line":41,"column":30},"end":{"line":41,"column":34}},"12":{"start":{"line":42,"column":37},"end":{"line":42,"column":48}},"13":{"start":{"line":43,"column":36},"end":{"line":43,"column":46}},"14":{"start":{"line":44,"column":36},"end":{"line":44,"column":46}},"15":{"start":{"line":47,"column":20},"end":{"line":47,"column":68}},"16":{"start":{"line":48,"column":6},"end":{"line":48,"column":67}},"17":{"start":{"line":53,"column":4},"end":{"line":69,"column":5}},"18":{"start":{"line":54,"column":25},"end":{"line":54,"column":51}},"19":{"start":{"line":55,"column":21},"end":{"line":58,"column":8}},"20":{"start":{"line":60,"column":6},"end":{"line":65,"column":10}},"21":{"start":{"line":60,"column":43},"end":{"line":65,"column":8}},"22":{"start":{"line":67,"column":20},"end":{"line":67,"column":68}},"23":{"start":{"line":68,"column":6},"end":{"line":68,"column":66}},"24":{"start":{"line":24,"column":0},"end":{"line":24,"column":13}}},"fnMap":{"0":{"name":"(anonymous_0)","decl":{"start":{"line":4,"column":2},"end":{"line":4,"column":14}},"loc":{"start":{"line":4,"column":62},"end":{"line":7,"column":3}}},"1":{"name":"(anonymous_1)","decl":{"start":{"line":28,"column":2},"end":{"line":28,"column":14}},"loc":{"start":{"line":28,"column":49},"end":{"line":31,"column":3}}},"2":{"name":"(anonymous_2)","decl":{"start":{"line":33,"column":10},"end":{"line":33,"column":15}},"loc":{"start":{"line":33,"column":29},"end":{"line":35,"column":3}}},"3":{"name":"(anonymous_3)","decl":{"start":{"line":37,"column":2},"end":{"line":37,"column":7}},"loc":{"start":{"line":37,"column":34},"end":{"line":50,"column":3}}},"4":{"name":"(anonymous_4)","decl":{"start":{"line":41,"column":23},"end":{"line":41,"column":24}},"loc":{"start":{"line":41,"column":30},"end":{"line":41,"column":34}}},"5":{"name":"(anonymous_5)","decl":{"start":{"line":42,"column":30},"end":{"line":42,"column":31}},"loc":{"start":{"line":42,"column":37},"end":{"line":42,"column":48}}},"6":{"name":"(anonymous_6)","decl":{"start":{"line":43,"column":29},"end":{"line":43,"column":30}},"loc":{"start":{"line":43,"column":36},"end":{"line":43,"column":46}}},"7":{"name":"(anonymous_7)","decl":{"start":{"line":44,"column":29},"end":{"line":44,"column":30}},"loc":{"start":{"line":44,"column":36},"end":{"line":44,"column":46}}},"8":{"name":"(anonymous_8)","decl":{"start":{"line":52,"column":2},"end":{"line":52,"column":7}},"loc":{"start":{"line":52,"column":47},"end":{"line":70,"column":3}}},"9":{"name":"(anonymous_9)","decl":{"start":{"line":60,"column":31},"end":{"line":60,"column":32}},"loc":{"start":{"line":60,"column":43},"end":{"line":65,"column":8}}}},"branchMap":{"0":{"loc":{"start":{"line":47,"column":20},"end":{"line":47,"column":68}},"type":"cond-expr","locations":[{"start":{"line":47,"column":43},"end":{"line":47,"column":54}},{"start":{"line":47,"column":57},"end":{"line":47,"column":68}}]},"1":{"loc":{"start":{"line":62,"column":19},"end":{"line":62,"column":51}},"type":"binary-expr","locations":[{"start":{"line":62,"column":19},"end":{"line":62,"column":45}},{"start":{"line":62,"column":49},"end":{"line":62,"column":51}}]},"2":{"loc":{"start":{"line":63,"column":18},"end":{"line":63,"column":50}},"type":"binary-expr","locations":[{"start":{"line":63,"column":18},"end":{"line":63,"column":44}},{"start":{"line":63,"column":48},"end":{"line":63,"column":50}}]},"3":{"loc":{"start":{"line":64,"column":18},"end":{"line":64,"column":49}},"type":"binary-expr","locations":[{"start":{"line":64,"column":18},"end":{"line":64,"column":44}},{"start":{"line":64,"column":48},"end":{"line":64,"column":49}}]},"4":{"loc":{"start":{"line":67,"column":20},"end":{"line":67,"column":68}},"type":"cond-expr","locations":[{"start":{"line":67,"column":43},"end":{"line":67,"column":54}},{"start":{"line":67,"column":57},"end":{"line":67,"column":68}}]}},"s":{"0":1,"1":4,"2":4,"3":4,"4":1,"5":7,"6":7,"7":7,"8":3,"9":3,"10":3,"11":3,"12":3,"13":3,"14":3,"15":2,"16":2,"17":4,"18":4,"19":4,"20":2,"21":3,"22":2,"23":2,"24":1},"f":{"0":4,"1":7,"2":7,"3":3,"4":3,"5":3,"6":3,"7":3,"8":4,"9":3},"b":{"0":[1,1],"1":[3,1],"2":[3,1],"3":[3,1],"4":[1,1]}}
,"/Users/gastonmousques/workspace/RAGLocalAR/src/shared/config/env.ts": {"path":"/Users/gastonmousques/workspace/RAGLocalAR/src/shared/config/env.ts","statementMap":{"0":{"start":{"line":1,"column":0},"end":{"line":1,"column":24}},"1":{"start":{"line":3,"column":15},"end":{"line":12,"column":2}},"2":{"start":{"line":14,"column":15},"end":{"line":14,"column":40}},"3":{"start":{"line":16,"column":13},"end":{"line":25,"column":3}}},"fnMap":{},"branchMap":{},"s":{"0":3,"1":3,"2":3,"3":2},"f":{},"b":{}}
,"/Users/gastonmousques/workspace/RAGLocalAR/src/shared/ollama/ollama.client.ts": {"path":"/Users/gastonmousques/workspace/RAGLocalAR/src/shared/ollama/ollama.client.ts","statementMap":{"0":{"start":{"line":3,"column":4},"end":{"line":3,"column":19}},"1":{"start":{"line":2,"column":47},"end":{"line":2,"column":62}},"2":{"start":{"line":4,"column":4},"end":{"line":4,"column":30}},"3":{"start":{"line":1,"column":0},"end":{"line":1,"column":13}},"4":{"start":{"line":10,"column":21},"end":{"line":10,"column":36}},"5":{"start":{"line":11,"column":21},"end":{"line":11,"column":34}},"6":{"start":{"line":12,"column":21},"end":{"line":12,"column":43}},"7":{"start":{"line":16,"column":4},"end":{"line":32,"column":5}},"8":{"start":{"line":17,"column":23},"end":{"line":21,"column":8}},"9":{"start":{"line":23,"column":6},"end":{"line":25,"column":7}},"10":{"start":{"line":24,"column":8},"end":{"line":24,"column":96}},"11":{"start":{"line":27,"column":19},"end":{"line":27,"column":70}},"12":{"start":{"line":28,"column":6},"end":{"line":28,"column":32}},"13":{"start":{"line":30,"column":6},"end":{"line":30,"column":48}},"14":{"start":{"line":30,"column":38},"end":{"line":30,"column":48}},"15":{"start":{"line":31,"column":6},"end":{"line":31,"column":64}},"16":{"start":{"line":36,"column":4},"end":{"line":56,"column":5}},"17":{"start":{"line":37,"column":23},"end":{"line":45,"column":8}},"18":{"start":{"line":47,"column":6},"end":{"line":49,"column":7}},"19":{"start":{"line":48,"column":8},"end":{"line":48,"column":95}},"20":{"start":{"line":51,"column":19},"end":{"line":51,"column":76}},"21":{"start":{"line":52,"column":6},"end":{"line":52,"column":34}},"22":{"start":{"line":54,"column":6},"end":{"line":54,"column":48}},"23":{"start":{"line":54,"column":38},"end":{"line":54,"column":48}},"24":{"start":{"line":55,"column":6},"end":{"line":55,"column":63}},"25":{"start":{"line":8,"column":0},"end":{"line":8,"column":13}}},"fnMap":{"0":{"name":"(anonymous_0)","decl":{"start":{"line":2,"column":2},"end":{"line":2,"column":14}},"loc":{"start":{"line":2,"column":62},"end":{"line":5,"column":3}}},"1":{"name":"(anonymous_1)","decl":{"start":{"line":9,"column":2},"end":{"line":9,"column":null}},"loc":{"start":{"line":12,"column":43},"end":{"line":13,"column":6}}},"2":{"name":"(anonymous_2)","decl":{"start":{"line":15,"column":2},"end":{"line":15,"column":7}},"loc":{"start":{"line":15,"column":26},"end":{"line":33,"column":3}}},"3":{"name":"(anonymous_3)","decl":{"start":{"line":35,"column":2},"end":{"line":35,"column":7}},"loc":{"start":{"line":35,"column":27},"end":{"line":57,"column":3}}}},"branchMap":{"0":{"loc":{"start":{"line":23,"column":6},"end":{"line":25,"column":7}},"type":"if","locations":[{"start":{"line":23,"column":6},"end":{"line":25,"column":7}}]},"1":{"loc":{"start":{"line":30,"column":6},"end":{"line":30,"column":48}},"type":"if","locations":[{"start":{"line":30,"column":6},"end":{"line":30,"column":48}}]},"2":{"loc":{"start":{"line":47,"column":6},"end":{"line":49,"column":7}},"type":"if","locations":[{"start":{"line":47,"column":6},"end":{"line":49,"column":7}}]},"3":{"loc":{"start":{"line":54,"column":6},"end":{"line":54,"column":48}},"type":"if","locations":[{"start":{"line":54,"column":6},"end":{"line":54,"column":48}}]}},"s":{"0":6,"1":6,"2":6,"3":3,"4":6,"5":6,"6":6,"7":3,"8":3,"9":2,"10":1,"11":1,"12":1,"13":2,"14":1,"15":1,"16":3,"17":3,"18":2,"19":1,"20":1,"21":1,"22":2,"23":1,"24":1,"25":3},"f":{"0":6,"1":6,"2":3,"3":3},"b":{"0":[1],"1":[1],"2":[1],"3":[1]}}
,"/Users/gastonmousques/workspace/RAGLocalAR/src/shared/rag/rag.service.ts": {"path":"/Users/gastonmousques/workspace/RAGLocalAR/src/shared/rag/rag.service.ts","statementMap":{"0":{"start":{"line":6,"column":21},"end":{"line":6,"column":41}},"1":{"start":{"line":7,"column":21},"end":{"line":7,"column":48}},"2":{"start":{"line":11,"column":26},"end":{"line":13,"column":17}},"3":{"start":{"line":12,"column":18},"end":{"line":12,"column":67}},"4":{"start":{"line":15,"column":4},"end":{"line":25,"column":16}},"5":{"start":{"line":29,"column":4},"end":{"line":35,"column":5}},"6":{"start":{"line":30,"column":21},"end":{"line":30,"column":47}},"7":{"start":{"line":31,"column":6},"end":{"line":31,"column":59}},"8":{"start":{"line":31,"column":33},"end":{"line":31,"column":59}},"9":{"start":{"line":32,"column":6},"end":{"line":32,"column":16}},"10":{"start":{"line":34,"column":6},"end":{"line":34,"column":16}},"11":{"start":{"line":39,"column":4},"end":{"line":39,"column":35}},"12":{"start":{"line":43,"column":22},"end":{"line":43,"column":56}},"13":{"start":{"line":44,"column":23},"end":{"line":44,"column":63}},"14":{"start":{"line":45,"column":19},"end":{"line":45,"column":66}},"15":{"start":{"line":46,"column":24},"end":{"line":46,"column":54}},"16":{"start":{"line":47,"column":4},"end":{"line":47,"column":45}},"17":{"start":{"line":4,"column":0},"end":{"line":4,"column":13}}},"fnMap":{"0":{"name":"(anonymous_0)","decl":{"start":{"line":5,"column":2},"end":{"line":5,"column":null}},"loc":{"start":{"line":7,"column":48},"end":{"line":8,"column":6}}},"1":{"name":"(anonymous_1)","decl":{"start":{"line":10,"column":2},"end":{"line":10,"column":21}},"loc":{"start":{"line":10,"column":67},"end":{"line":26,"column":3}}},"2":{"name":"(anonymous_2)","decl":{"start":{"line":12,"column":11},"end":{"line":12,"column":12}},"loc":{"start":{"line":12,"column":18},"end":{"line":12,"column":67}}},"3":{"name":"(anonymous_3)","decl":{"start":{"line":28,"column":2},"end":{"line":28,"column":17}},"loc":{"start":{"line":28,"column":33},"end":{"line":36,"column":3}}},"4":{"name":"(anonymous_4)","decl":{"start":{"line":38,"column":2},"end":{"line":38,"column":7}},"loc":{"start":{"line":38,"column":35},"end":{"line":40,"column":3}}},"5":{"name":"(anonymous_5)","decl":{"start":{"line":42,"column":2},"end":{"line":42,"column":7}},"loc":{"start":{"line":42,"column":48},"end":{"line":48,"column":3}}}},"branchMap":{"0":{"loc":{"start":{"line":31,"column":6},"end":{"line":31,"column":59}},"type":"if","locations":[{"start":{"line":31,"column":6},"end":{"line":31,"column":59}}]}},"s":{"0":10,"1":10,"2":3,"3":6,"4":3,"5":6,"6":6,"7":4,"8":3,"9":1,"10":2,"11":1,"12":2,"13":1,"14":1,"15":1,"16":1,"17":1},"f":{"0":10,"1":3,"2":6,"3":6,"4":1,"5":2},"b":{"0":[3]}}
}
