TN:
SF:src/app.ts
FN:12,createApp
FN:16,(anonymous_2)
FN:24,(anonymous_3)
FN:28,(anonymous_4)
FNF:4
FNH:4
FNDA:2,createApp
FNDA:2,(anonymous_2)
FNDA:1,(anonymous_3)
FNDA:1,(anonymous_4)
DA:1,1
DA:4,1
DA:5,1
DA:12,1
DA:13,2
DA:15,2
DA:16,2
DA:17,2
DA:18,2
DA:21,2
DA:22,2
DA:24,2
DA:25,1
DA:28,2
DA:29,1
DA:30,1
DA:33,2
LF:17
LH:17
BRF:0
BRH:0
end_of_record
TN:
SF:src/classify/classify.router.ts
FN:4,createClassifyRouter
FN:7,(anonymous_1)
FNF:2
FNH:2
FNDA:6,createClassifyRouter
FNDA:5,(anonymous_1)
DA:1,2
DA:4,2
DA:5,6
DA:7,6
DA:8,5
DA:10,5
DA:11,2
DA:12,2
DA:15,3
DA:16,3
DA:17,1
DA:19,2
DA:23,6
LF:13
LH:13
BRDA:10,0,0,2
BRDA:10,1,0,5
BRDA:10,1,1,4
BRF:3
BRH:3
end_of_record
TN:
SF:src/classify/classify.service.ts
FN:5,(anonymous_0)
FN:10,(anonymous_1)
FNF:2
FNH:2
FNDA:1,(anonymous_0)
FNDA:1,(anonymous_1)
DA:4,1
DA:6,1
DA:7,1
DA:11,1
DA:12,1
LF:5
LH:5
BRF:0
BRH:0
end_of_record
TN:
SF:src/indexing/csvLoader.ts
FN:5,parseCsv
FN:30,loadCsvFromFile
FNF:2
FNH:2
FNDA:7,parseCsv
FNDA:3,loadCsvFromFile
DA:1,1
DA:2,1
DA:5,1
DA:6,7
DA:8,6
DA:9,6
DA:11,6
DA:12,501
DA:14,501
DA:15,1
DA:17,500
DA:18,1
DA:21,499
DA:27,4
DA:30,1
DA:31,3
DA:32,2
LF:17
LH:17
BRDA:6,0,0,1
BRDA:12,1,0,501
BRDA:12,1,1,2
BRDA:14,2,0,1
BRDA:17,3,0,1
BRF:5
BRH:5
end_of_record
TN:
SF:src/indexing/indexing.router.ts
FN:4,createIndexingRouter
FN:7,(anonymous_1)
FNF:2
FNH:2
FNDA:4,createIndexingRouter
FNDA:2,(anonymous_1)
DA:1,2
DA:4,2
DA:5,4
DA:7,4
DA:8,2
DA:9,2
DA:10,1
DA:12,1
DA:16,4
LF:9
LH:9
BRDA:9,0,0,2
BRDA:9,0,1,0
BRF:2
BRH:1
end_of_record
TN:
SF:src/indexing/indexing.service.ts
FN:7,(anonymous_0)
FN:12,(anonymous_1)
FNF:2
FNH:2
FNDA:3,(anonymous_0)
FNDA:3,(anonymous_1)
DA:3,1
DA:6,1
DA:8,3
DA:9,3
DA:13,3
DA:14,2
DA:15,2
DA:17,2
DA:18,496
DA:19,496
DA:20,249
DA:21,249
DA:29,249
DA:31,247
DA:35,2
LF:15
LH:15
BRF:0
BRH:0
end_of_record
TN:
SF:src/shared/chroma/chroma.client.ts
FN:4,(anonymous_0)
FN:28,(anonymous_1)
FN:33,(anonymous_2)
FN:37,(anonymous_3)
FN:41,(anonymous_4)
FN:42,(anonymous_5)
FN:43,(anonymous_6)
FN:44,(anonymous_7)
FN:52,(anonymous_8)
FN:60,(anonymous_9)
FNF:10
FNH:10
FNDA:4,(anonymous_0)
FNDA:7,(anonymous_1)
FNDA:7,(anonymous_2)
FNDA:3,(anonymous_3)
FNDA:3,(anonymous_4)
FNDA:3,(anonymous_5)
FNDA:3,(anonymous_6)
FNDA:3,(anonymous_7)
FNDA:4,(anonymous_8)
FNDA:3,(anonymous_9)
DA:1,1
DA:3,1
DA:4,4
DA:5,4
DA:6,4
DA:24,1
DA:29,7
DA:30,7
DA:34,7
DA:38,3
DA:39,3
DA:40,3
DA:41,3
DA:42,3
DA:43,3
DA:44,3
DA:47,2
DA:48,2
DA:53,4
DA:54,4
DA:55,4
DA:60,3
DA:67,2
DA:68,2
LF:24
LH:24
BRDA:47,0,0,1
BRDA:47,0,1,1
BRDA:62,1,0,3
BRDA:62,1,1,1
BRDA:63,2,0,3
BRDA:63,2,1,1
BRDA:64,3,0,3
BRDA:64,3,1,1
BRDA:67,4,0,1
BRDA:67,4,1,1
BRF:10
BRH:10
end_of_record
TN:
SF:src/shared/config/env.ts
FNF:0
FNH:0
DA:1,3
DA:3,3
DA:14,3
DA:16,2
LF:4
LH:4
BRF:0
BRH:0
end_of_record
TN:
SF:src/shared/ollama/ollama.client.ts
FN:2,(anonymous_0)
FN:9,(anonymous_1)
FN:15,(anonymous_2)
FN:35,(anonymous_3)
FNF:4
FNH:4
FNDA:6,(anonymous_0)
FNDA:6,(anonymous_1)
FNDA:3,(anonymous_2)
FNDA:3,(anonymous_3)
DA:1,3
DA:2,6
DA:3,6
DA:4,6
DA:8,3
DA:10,6
DA:11,6
DA:12,6
DA:16,3
DA:17,3
DA:23,2
DA:24,1
DA:27,1
DA:28,1
DA:30,2
DA:31,1
DA:36,3
DA:37,3
DA:47,2
DA:48,1
DA:51,1
DA:52,1
DA:54,2
DA:55,1
LF:24
LH:24
BRDA:23,0,0,1
BRDA:30,1,0,1
BRDA:47,2,0,1
BRDA:54,3,0,1
BRF:4
BRH:4
end_of_record
TN:
SF:src/shared/rag/rag.service.ts
FN:5,(anonymous_0)
FN:10,(anonymous_1)
FN:12,(anonymous_2)
FN:28,(anonymous_3)
FN:38,(anonymous_4)
FN:42,(anonymous_5)
FNF:6
FNH:6
FNDA:10,(anonymous_0)
FNDA:3,(anonymous_1)
FNDA:6,(anonymous_2)
FNDA:6,(anonymous_3)
FNDA:1,(anonymous_4)
FNDA:2,(anonymous_5)
DA:4,1
DA:6,10
DA:7,10
DA:11,3
DA:12,6
DA:15,3
DA:29,6
DA:30,6
DA:31,4
DA:32,1
DA:34,2
DA:39,1
DA:43,2
DA:44,1
DA:45,1
DA:46,1
DA:47,1
LF:17
LH:17
BRDA:31,0,0,3
BRF:1
BRH:1
end_of_record
